# JRE version: Java(TM) SE Runtime Environment (19.0.2+7) (build 19.0.2+7-44)
# Java VM: Java HotSpot(TM) 64-Bit Server VM (19.0.2+7-44, mixed mode, sharing, tiered, compressed oops, compressed class ptrs, g1 gc, windows-amd64)
GC Precious Log:
 CardTable entry size: 512
 Card Set container configuration: InlinePtr #cards 5 size 8 Array Of Cards #cards 12 size 40 Howl #buckets 4 coarsen threshold 1843 Howl Bitmap #cards 512 size 80 coarsen threshold 460 Card regions per heap region 1 cards per card region 2048
 CPUs: 4 total, 4 available
 Memory: 7616M
 Large Page Support: Disabled
 NUMA Support: Disabled
 Compressed Oops: Enabled (32-bit)
 Heap Region Size: 1M
 Heap Min Capacity: 8M
 Heap Initial Capacity: 120M
 Heap Max Capacity: 1906M
 Pre-touch: Disabled
 Parallel Workers: 4
 Concurrent Workers: 1
 Concurrent Refinement Workers: 4
 Periodic GC: Disabled
Heap:
 garbage-first heap   total 76800K, used 25222K [0x0000000088e00000, 0x0000000100000000)
  region size 1024K, 5 young (5120K), 1 survivors (1024K)
 Metaspace       used 36564K, committed 36992K, reserved 1114112K
  class space    used 4579K, committed 4800K, reserved 1048576K
GC Heap History (18 events):
Event: 1.493 GC heap before
{Heap before GC invocations=0 (full 0):
 garbage-first heap   total 122880K, used 13312K [0x0000000088e00000, 0x0000000100000000)
  region size 1024K, 13 young (13312K), 0 survivors (0K)
 Metaspace       used 3637K, committed 3776K, reserved 1114112K
  class space    used 368K, committed 448K, reserved 1048576K
}
Event: 1.505 GC heap after
{Heap after GC invocations=1 (full 0):
 garbage-first heap   total 122880K, used 6160K [0x0000000088e00000, 0x0000000100000000)
  region size 1024K, 2 young (2048K), 2 survivors (2048K)
 Metaspace       used 3637K, committed 3776K, reserved 1114112K
  class space    used 368K, committed 448K, reserved 1048576K
}
Event: 2.393 GC heap before
{Heap before GC invocations=1 (full 0):
 garbage-first heap   total 122880K, used 18448K [0x0000000088e00000, 0x0000000100000000)
  region size 1024K, 14 young (14336K), 2 survivors (2048K)
 Metaspace       used 7228K, committed 7424K, reserved 1114112K
  class space    used 825K, committed 896K, reserved 1048576K
}
Event: 2.403 GC heap after
{Heap after GC invocations=2 (full 0):
 garbage-first heap   total 122880K, used 7713K [0x0000000088e00000, 0x0000000100000000)
  region size 1024K, 2 young (2048K), 2 survivors (2048K)
 Metaspace       used 7228K, committed 7424K, reserved 1114112K
  class space    used 825K, committed 896K, reserved 1048576K
}
Event: 3.426 GC heap before
{Heap before GC invocations=2 (full 0):
 garbage-first heap   total 122880K, used 30241K [0x0000000088e00000, 0x0000000100000000)
  region size 1024K, 25 young (25600K), 2 survivors (2048K)
 Metaspace       used 13847K, committed 14144K, reserved 1114112K
  class space    used 1612K, committed 1728K, reserved 1048576K
}
Event: 3.436 GC heap after
{Heap after GC invocations=3 (full 0):
 garbage-first heap   total 122880K, used 9638K [0x0000000088e00000, 0x0000000100000000)
  region size 1024K, 4 young (4096K), 4 survivors (4096K)
 Metaspace       used 13847K, committed 14144K, reserved 1114112K
  class space    used 1612K, committed 1728K, reserved 1048576K
}
Event: 7.155 GC heap before
{Heap before GC invocations=3 (full 0):
 garbage-first heap   total 122880K, used 76198K [0x0000000088e00000, 0x0000000100000000)
  region size 1024K, 70 young (71680K), 4 survivors (4096K)
 Metaspace       used 21234K, committed 21504K, reserved 1114112K
  class space    used 2488K, committed 2624K, reserved 1048576K
}
Event: 7.176 GC heap after
{Heap after GC invocations=4 (full 0):
 garbage-first heap   total 122880K, used 15535K [0x0000000088e00000, 0x0000000100000000)
  region size 1024K, 9 young (9216K), 9 survivors (9216K)
 Metaspace       used 21234K, committed 21504K, reserved 1114112K
  class space    used 2488K, committed 2624K, reserved 1048576K
}
Event: 8.729 GC heap before
{Heap before GC invocations=5 (full 0):
 garbage-first heap   total 58368K, used 41135K [0x0000000088e00000, 0x0000000100000000)
  region size 1024K, 34 young (34816K), 9 survivors (9216K)
 Metaspace       used 24210K, committed 24576K, reserved 1114112K
  class space    used 2859K, committed 3008K, reserved 1048576K
}
Event: 8.766 GC heap after
{Heap after GC invocations=6 (full 0):
 garbage-first heap   total 58368K, used 17520K [0x0000000088e00000, 0x0000000100000000)
  region size 1024K, 3 young (3072K), 3 survivors (3072K)
 Metaspace       used 24210K, committed 24576K, reserved 1114112K
  class space    used 2859K, committed 3008K, reserved 1048576K
}
Event: 8.860 GC heap before
{Heap before GC invocations=6 (full 0):
 garbage-first heap   total 58368K, used 18544K [0x0000000088e00000, 0x0000000100000000)
  region size 1024K, 4 young (4096K), 3 survivors (3072K)
 Metaspace       used 24342K, committed 24640K, reserved 1114112K
  class space    used 2879K, committed 3008K, reserved 1048576K
}
Event: 8.869 GC heap after
{Heap after GC invocations=7 (full 0):
 garbage-first heap   total 58368K, used 17534K [0x0000000088e00000, 0x0000000100000000)
  region size 1024K, 1 young (1024K), 1 survivors (1024K)
 Metaspace       used 24342K, committed 24640K, reserved 1114112K
  class space    used 2879K, committed 3008K, reserved 1048576K
}
Event: 11.164 GC heap before
{Heap before GC invocations=7 (full 0):
 garbage-first heap   total 58368K, used 41086K [0x0000000088e00000, 0x0000000100000000)
  region size 1024K, 24 young (24576K), 1 survivors (1024K)
 Metaspace       used 29552K, committed 30016K, reserved 1114112K
  class space    used 3546K, committed 3776K, reserved 1048576K
}
Event: 11.177 GC heap after
{Heap after GC invocations=8 (full 0):
 garbage-first heap   total 58368K, used 19940K [0x0000000088e00000, 0x0000000100000000)
  region size 1024K, 3 young (3072K), 3 survivors (3072K)
 Metaspace       used 29552K, committed 30016K, reserved 1114112K
  class space    used 3546K, committed 3776K, reserved 1048576K
}
Event: 12.534 GC heap before
{Heap before GC invocations=8 (full 0):
 garbage-first heap   total 58368K, used 42468K [0x0000000088e00000, 0x0000000100000000)
  region size 1024K, 25 young (25600K), 3 survivors (3072K)
 Metaspace       used 34110K, committed 34624K, reserved 1114112K
  class space    used 4195K, committed 4416K, reserved 1048576K
}
Event: 12.555 GC heap after
{Heap after GC invocations=9 (full 0):
 garbage-first heap   total 58368K, used 21906K [0x0000000088e00000, 0x0000000100000000)
  region size 1024K, 2 young (2048K), 2 survivors (2048K)
 Metaspace       used 34110K, committed 34624K, reserved 1114112K
  class space    used 4195K, committed 4416K, reserved 1048576K
}
Event: 12.984 GC heap before
{Heap before GC invocations=9 (full 0):
 garbage-first heap   total 58368K, used 26002K [0x0000000088e00000, 0x0000000100000000)
  region size 1024K, 7 young (7168K), 2 survivors (2048K)
 Metaspace       used 35469K, committed 35968K, reserved 1114112K
  class space    used 4406K, committed 4672K, reserved 1048576K
}
Event: 12.993 GC heap after
{Heap after GC invocations=10 (full 0):
 garbage-first heap   total 76800K, used 22150K [0x0000000088e00000, 0x0000000100000000)
  region size 1024K, 1 young (1024K), 1 survivors (1024K)
 Metaspace       used 35469K, committed 35968K, reserved 1114112K
  class space    used 4406K, committed 4672K, reserved 1048576K
}

