# JRE version: Java(TM) SE Runtime Environment (19.0.2+7) (build 19.0.2+7-44)
# Java VM: Java HotSpot(TM) 64-Bit Server VM (19.0.2+7-44, mixed mode, sharing, tiered, compressed oops, compressed class ptrs, g1 gc, windows-amd64)
GC Precious Log:
 CardTable entry size: 512
 Card Set container configuration: InlinePtr #cards 5 size 8 Array Of Cards #cards 12 size 40 Howl #buckets 4 coarsen threshold 1843 Howl Bitmap #cards 512 size 80 coarsen threshold 460 Card regions per heap region 1 cards per card region 2048
 CPUs: 4 total, 4 available
 Memory: 7616M
 Large Page Support: Disabled
 NUMA Support: Disabled
 Compressed Oops: Enabled (32-bit)
 Heap Region Size: 1M
 Heap Min Capacity: 8M
 Heap Initial Capacity: 120M
 Heap Max Capacity: 1906M
 Pre-touch: Disabled
 Parallel Workers: 4
 Concurrent Workers: 1
 Concurrent Refinement Workers: 4
 Periodic GC: Disabled
Heap:
 garbage-first heap   total 122880K, used 29412K [0x0000000088e00000, 0x0000000100000000)
  region size 1024K, 24 young (24576K), 4 survivors (4096K)
 Metaspace       used 16855K, committed 17152K, reserved 1114112K
  class space    used 1976K, committed 2112K, reserved 1048576K
GC Heap History (6 events):
Event: 8.573 GC heap before
{Heap before GC invocations=0 (full 0):
 garbage-first heap   total 122880K, used 13312K [0x0000000088e00000, 0x0000000100000000)
  region size 1024K, 13 young (13312K), 0 survivors (0K)
 Metaspace       used 3505K, committed 3648K, reserved 1114112K
  class space    used 336K, committed 384K, reserved 1048576K
}
Event: 8.584 GC heap after
{Heap after GC invocations=1 (full 0):
 garbage-first heap   total 122880K, used 6575K [0x0000000088e00000, 0x0000000100000000)
  region size 1024K, 2 young (2048K), 2 survivors (2048K)
 Metaspace       used 3505K, committed 3648K, reserved 1114112K
  class space    used 336K, committed 384K, reserved 1048576K
}
Event: 14.702 GC heap before
{Heap before GC invocations=1 (full 0):
 garbage-first heap   total 122880K, used 18863K [0x0000000088e00000, 0x0000000100000000)
  region size 1024K, 14 young (14336K), 2 survivors (2048K)
 Metaspace       used 7251K, committed 7488K, reserved 1114112K
  class space    used 828K, committed 960K, reserved 1048576K
}
Event: 14.711 GC heap after
{Heap after GC invocations=2 (full 0):
 garbage-first heap   total 122880K, used 7864K [0x0000000088e00000, 0x0000000100000000)
  region size 1024K, 2 young (2048K), 2 survivors (2048K)
 Metaspace       used 7251K, committed 7488K, reserved 1114112K
  class space    used 828K, committed 960K, reserved 1048576K
}
Event: 19.837 GC heap before
{Heap before GC invocations=2 (full 0):
 garbage-first heap   total 122880K, used 33464K [0x0000000088e00000, 0x0000000100000000)
  region size 1024K, 28 young (28672K), 2 survivors (2048K)
 Metaspace       used 14792K, committed 15040K, reserved 1114112K
  class space    used 1727K, committed 1856K, reserved 1048576K
}
Event: 19.844 GC heap after
{Heap after GC invocations=3 (full 0):
 garbage-first heap   total 122880K, used 9956K [0x0000000088e00000, 0x0000000100000000)
  region size 1024K, 4 young (4096K), 4 survivors (4096K)
 Metaspace       used 14792K, committed 15040K, reserved 1114112K
  class space    used 1727K, committed 1856K, reserved 1048576K
}

